<?xml version="1.0" encoding="UTF-8"?>
<!-- Generated by org.testng.reporters.JUnitXMLReporter -->
<testsuite ignored="0" hostname="Gauravk-PC" failures="1" tests="2" name="Test5" time="1685.635" errors="0" timestamp="2022-02-10T07:49:50 IST">
  <testcase classname="testCases.navigateChapter25" name="doLogin" time="7.288"/>
  <testcase classname="testCases.navigateChapter25" name="navNextPage2" time="1668.792">
    <failure type="java.lang.AssertionError" message="Element is not found for typing">
      <![CDATA[java.lang.AssertionError: Element is not found for typing
at base.CommonLibs.type(CommonLibs.java:100)
at pages.NextPage2.Next_Page2(NextPage2.java:220)
at testCases.navigateChapter25.navNextPage2(navigateChapter25.java:138)
at java.base/java.util.ArrayList.forEach(ArrayList.java:1511)
... Removed 28 stack frames]]>
    </failure>
  </testcase> <!-- navNextPage2 -->
</testsuite> <!-- Test5 -->
