<?xml version="1.0" encoding="UTF-8"?>
<!-- Generated by org.testng.reporters.JUnitXMLReporter -->
<testsuite ignored="0" hostname="Gauravk-PC" failures="1" tests="2" name="Test15" time="172.836" errors="0" timestamp="2022-02-09T14:41:32 IST">
  <testcase classname="testCases.navigateChapter35" name="doLogin" time="7.189"/>
  <testcase classname="testCases.navigateChapter35" name="navNextPage2" time="155.253">
    <failure type="java.lang.AssertionError" message="Element is not found!!!">
      <![CDATA[java.lang.AssertionError: Element is not found!!!
at base.CommonLibs.click(CommonLibs.java:87)
at pages.NextPage2.Next_Page2(NextPage2.java:222)
at testCases.navigateChapter35.navNextPage2(navigateChapter35.java:138)
at java.base/java.util.ArrayList.forEach(ArrayList.java:1511)
... Removed 28 stack frames]]>
    </failure>
  </testcase> <!-- navNextPage2 -->
</testsuite> <!-- Test15 -->
