<?xml version="1.0" encoding="UTF-8"?>
<!-- Generated by org.testng.reporters.JUnitXMLReporter -->
<testsuite ignored="0" hostname="Gauravk-PC" failures="1" tests="2" name="Test14" time="159.02" errors="0" timestamp="2022-02-10T17:59:12 IST">
  <testcase classname="testCases.navigateChapter34" name="doLogin" time="8.649"/>
  <testcase classname="testCases.navigateChapter34" name="navNextPage2" time="134.786">
    <failure type="java.lang.AssertionError" message="Element is not found!!!">
      <![CDATA[java.lang.AssertionError: Element is not found!!!
at base.CommonLibs.click(CommonLibs.java:87)
at pages.NextPage2.Next_Page2(NextPage2.java:222)
at testCases.navigateChapter34.navNextPage2(navigateChapter34.java:138)
at java.base/java.util.ArrayList.forEach(ArrayList.java:1511)
... Removed 28 stack frames]]>
    </failure>
  </testcase> <!-- navNextPage2 -->
</testsuite> <!-- Test14 -->
