<?xml version="1.0" encoding="UTF-8"?>
<!-- Generated by org.testng.reporters.JUnitXMLReporter -->
<testsuite ignored="0" hostname="Gauravk-PC" failures="1" tests="2" name="Test3" time="646.758" errors="0" timestamp="2022-02-10T13:36:59 IST">
  <testcase classname="testCases.navigateChapter23" name="doLogin" time="8.832"/>
  <testcase classname="testCases.navigateChapter23" name="navNextPage2" time="624.72">
    <failure type="org.openqa.selenium.ElementClickInterceptedException" message="element click intercepted: Element &amp;lt;input id=&amp;quot;activityForm:j_id3866:0:j_id3891&amp;quot; name=&amp;quot;activityForm:j_id3866:0:j_id3891&amp;quot; onclick=&amp;quot;deleteObjectiveAndRefresh(&amp;apos;55000&amp;apos;, &amp;apos;1644480392353&amp;apos;); return false;;A4J.AJAX.Submit(&amp;apos;activityForm&amp;apos;,event,{&amp;apos;similarityGroupingId&amp;apos;:&amp;apos;activityForm:j_id3866:0:j_id3891&amp;apos;,&amp;apos;parameters&amp;apos;:{&amp;apos;activityForm:j_id3866:0:j_id3891&amp;apos;:&amp;apos;activityForm:j_id3866:0:j_id3891&amp;apos;} } );return false;&amp;quot; style=&amp;quot;border: none;&amp;quot; type=&amp;quot;image&amp;quot; src=&amp;quot;/calms_cms/images/trash.gif&amp;quot;&amp;gt; is not clickable at point (1511, 419). Other element would receive the click: &amp;lt;div id=&amp;quot;blurDiv&amp;quot; style=&amp;quot;position: absolute; top: 0px; right: 0px; z-index: 100; width: 1920px; height: 902px; background: url(&amp;amp;quot;/calms_cms/images/transparent.gif&amp;amp;quot;);&amp;quot;&amp;gt;&amp;lt;/div&amp;gt;
  (Session info: chrome=98.0.4758.82)
Build info: version: &amp;apos;4.1.0&amp;apos;, revision: &amp;apos;87802e897b&amp;apos;
System info: host: &amp;apos;GAURAVK-PC&amp;apos;, ip: &amp;apos;192.168.0.2&amp;apos;, os.name: &amp;apos;Windows 10&amp;apos;, os.arch: &amp;apos;amd64&amp;apos;, os.version: &amp;apos;10.0&amp;apos;, java.version: &amp;apos;15.0.2&amp;apos;
Driver info: org.openqa.selenium.chrome.ChromeDriver
Command: [57c68a7e0427c8d289bef9463fbd2755, clickElement {id=3390b314-6649-45a5-af90-bc686db6dabb}]
Capabilities {acceptInsecureCerts: false, browserName: chrome, browserVersion: 98.0.4758.82, chrome: {chromedriverVersion: 98.0.4758.80 (7f0488e8ba0d8..., userDataDir: C:\Users\gauravk\AppData\Lo...}, goog:chromeOptions: {debuggerAddress: localhost:60323}, javascriptEnabled: true, networkConnectionEnabled: false, pageLoadStrategy: normal, platform: WINDOWS, platformName: WINDOWS, proxy: Proxy(), se:cdp: ws://localhost:60323/devtoo..., se:cdpVersion: 98.0.4758.82, setWindowRect: true, strictFileInteractability: false, timeouts: {implicit: 0, pageLoad: 300000, script: 30000}, unhandledPromptBehavior: dismiss and notify, webauthn:extension:credBlob: true, webauthn:extension:largeBlob: true, webauthn:virtualAuthenticators: true}
Element: [[ChromeDriver: chrome on WINDOWS (57c68a7e0427c8d289bef9463fbd2755)] -&amp;gt; xpath: //input[contains(@id, &amp;apos;activityForm:j_id&amp;apos;)]]
Session ID: 57c68a7e0427c8d289bef9463fbd2755">
      <![CDATA[org.openqa.selenium.ElementClickInterceptedException: element click intercepted: Element <input id="activityForm:j_id3866:0:j_id3891" name="activityForm:j_id3866:0:j_id3891" onclick="deleteObjectiveAndRefresh('55000', '1644480392353'); return false;;A4J.AJAX.Submit('activityForm',event,{'similarityGroupingId':'activityForm:j_id3866:0:j_id3891','parameters':{'activityForm:j_id3866:0:j_id3891':'activityForm:j_id3866:0:j_id3891'} } );return false;" style="border: none;" type="image" src="/calms_cms/images/trash.gif"> is not clickable at point (1511, 419). Other element would receive the click: <div id="blurDiv" style="position: absolute; top: 0px; right: 0px; z-index: 100; width: 1920px; height: 902px; background: url(&quot;/calms_cms/images/transparent.gif&quot;);"></div>
  (Session info: chrome=98.0.4758.82)
Build info: version: '4.1.0', revision: '87802e897b'
System info: host: 'GAURAVK-PC', ip: '192.168.0.2', os.name: 'Windows 10', os.arch: 'amd64', os.version: '10.0', java.version: '15.0.2'
Driver info: org.openqa.selenium.chrome.ChromeDriver
Command: [57c68a7e0427c8d289bef9463fbd2755, clickElement {id=3390b314-6649-45a5-af90-bc686db6dabb}]
Capabilities {acceptInsecureCerts: false, browserName: chrome, browserVersion: 98.0.4758.82, chrome: {chromedriverVersion: 98.0.4758.80 (7f0488e8ba0d8..., userDataDir: C:\Users\gauravk\AppData\Lo...}, goog:chromeOptions: {debuggerAddress: localhost:60323}, javascriptEnabled: true, networkConnectionEnabled: false, pageLoadStrategy: normal, platform: WINDOWS, platformName: WINDOWS, proxy: Proxy(), se:cdp: ws://localhost:60323/devtoo..., se:cdpVersion: 98.0.4758.82, setWindowRect: true, strictFileInteractability: false, timeouts: {implicit: 0, pageLoad: 300000, script: 30000}, unhandledPromptBehavior: dismiss and notify, webauthn:extension:credBlob: true, webauthn:extension:largeBlob: true, webauthn:virtualAuthenticators: true}
Element: [[ChromeDriver: chrome on WINDOWS (57c68a7e0427c8d289bef9463fbd2755)] -> xpath: //input[contains(@id, 'activityForm:j_id')]]
Session ID: 57c68a7e0427c8d289bef9463fbd2755
at org.openqa.selenium.remote.codec.w3c.W3CHttpResponseCodec.createException(W3CHttpResponseCodec.java:200)
at org.openqa.selenium.remote.codec.w3c.W3CHttpResponseCodec.decode(W3CHttpResponseCodec.java:133)
at org.openqa.selenium.remote.codec.w3c.W3CHttpResponseCodec.decode(W3CHttpResponseCodec.java:53)
at org.openqa.selenium.remote.HttpCommandExecutor.execute(HttpCommandExecutor.java:184)
at org.openqa.selenium.remote.service.DriverCommandExecutor.invokeExecute(DriverCommandExecutor.java:164)
at org.openqa.selenium.remote.service.DriverCommandExecutor.execute(DriverCommandExecutor.java:139)
at org.openqa.selenium.remote.RemoteWebDriver.execute(RemoteWebDriver.java:559)
at org.openqa.selenium.remote.RemoteWebElement.execute(RemoteWebElement.java:251)
at org.openqa.selenium.remote.RemoteWebElement.click(RemoteWebElement.java:77)
at pages.NextPage2.Next_Page2(NextPage2.java:139)
at testCases.navigateChapter23.navNextPage2(navigateChapter23.java:138)
at java.base/java.util.ArrayList.forEach(ArrayList.java:1511)
... Removed 32 stack frames]]>
    </failure>
  </testcase> <!-- navNextPage2 -->
</testsuite> <!-- Test3 -->
