<?xml version="1.0" encoding="UTF-8"?>
<!-- Generated by org.testng.reporters.JUnitReportReporter -->
<testsuite hostname="Gauravk-PC" failures="0" tests="2" name="testCases.navigateChapter4" time="49.467" errors="1" timestamp="2021-12-09T16:05:37 IST" skipped="0">
  <testcase classname="testCases.navigateChapter4" name="doLogin" time="14.563"/>
  <system-out/>
  <testcase classname="testCases.navigateChapter4" name="navNextPage2" time="34.904">
    <error message="element click intercepted: Element &lt;input id=&quot;activityForm:j_id18034:0:j_id18059&quot; name=&quot;activityForm:j_id18034:0:j_id18059&quot; onclick=&quot;deleteObjectiveAndRefresh(&#039;56848&#039;, &#039;1639045686629&#039;); return false;;A4J.AJAX.Submit(&#039;activityForm&#039;,event,{&#039;similarityGroupingId&#039;:&#039;activityForm:j_id18034:0:j_id18059&#039;,&#039;parameters&#039;:{&#039;activityForm:j_id18034:0:j_id18059&#039;:&#039;activityForm:j_id18034:0:j_id18059&#039;} } );return false;&quot; style=&quot;border: none;&quot; type=&quot;image&quot; src=&quot;/calms_cms/images/trash.gif&quot;&gt; is not clickable at point (1527, 418). Other element would receive the click: &lt;div id=&quot;blurDiv&quot; style=&quot;position: absolute; top: 0px; right: 0px; z-index: 100; width: 1920px; height: 902px; background: url(&amp;quot;/calms_cms/images/transparent.gif&amp;quot;);&quot;&gt;&lt;/div&gt;
  (Session info: chrome=96.0.4664.93)
Build info: version: &#039;4.1.0&#039;, revision: &#039;87802e897b&#039;
System info: host: &#039;GAURAVK-PC&#039;, ip: &#039;10.203.254.240&#039;, os.name: &#039;Windows 10&#039;, os.arch: &#039;amd64&#039;, os.version: &#039;10.0&#039;, java.version: &#039;15.0.2&#039;
Driver info: org.openqa.selenium.chrome.ChromeDriver
Command: [8ae31c35cba2a2c8c464c6d08cbd7a90, clickElement {id=0e709adf-3c5f-4e60-86c2-41384731edd5}]
Capabilities {acceptInsecureCerts: false, browserName: chrome, browserVersion: 96.0.4664.93, chrome: {chromedriverVersion: 96.0.4664.45 (76e4c1bb2ab46..., userDataDir: C:\Users\gauravk\AppData\Lo...}, goog:chromeOptions: {debuggerAddress: localhost:64093}, javascriptEnabled: true, networkConnectionEnabled: false, pageLoadStrategy: normal, platform: WINDOWS, platformName: WINDOWS, proxy: Proxy(), se:cdp: ws://localhost:64093/devtoo..., se:cdpVersion: 96.0.4664.93, setWindowRect: true, strictFileInteractability: false, timeouts: {implicit: 0, pageLoad: 300000, script: 30000}, unhandledPromptBehavior: dismiss and notify, webauthn:extension:credBlob: true, webauthn:extension:largeBlob: true, webauthn:virtualAuthenticators: true}
Element: [[ChromeDriver: chrome on WINDOWS (8ae31c35cba2a2c8c464c6d08cbd7a90)] -&gt; xpath: //input[contains(@id, &#039;activityForm:j_id&#039;)]]
Session ID: 8ae31c35cba2a2c8c464c6d08cbd7a90" type="org.openqa.selenium.ElementClickInterceptedException">
      <![CDATA[org.openqa.selenium.ElementClickInterceptedException: element click intercepted: Element <input id="activityForm:j_id18034:0:j_id18059" name="activityForm:j_id18034:0:j_id18059" onclick="deleteObjectiveAndRefresh('56848', '1639045686629'); return false;;A4J.AJAX.Submit('activityForm',event,{'similarityGroupingId':'activityForm:j_id18034:0:j_id18059','parameters':{'activityForm:j_id18034:0:j_id18059':'activityForm:j_id18034:0:j_id18059'} } );return false;" style="border: none;" type="image" src="/calms_cms/images/trash.gif"> is not clickable at point (1527, 418). Other element would receive the click: <div id="blurDiv" style="position: absolute; top: 0px; right: 0px; z-index: 100; width: 1920px; height: 902px; background: url(&quot;/calms_cms/images/transparent.gif&quot;);"></div>
  (Session info: chrome=96.0.4664.93)
Build info: version: '4.1.0', revision: '87802e897b'
System info: host: 'GAURAVK-PC', ip: '10.203.254.240', os.name: 'Windows 10', os.arch: 'amd64', os.version: '10.0', java.version: '15.0.2'
Driver info: org.openqa.selenium.chrome.ChromeDriver
Command: [8ae31c35cba2a2c8c464c6d08cbd7a90, clickElement {id=0e709adf-3c5f-4e60-86c2-41384731edd5}]
Capabilities {acceptInsecureCerts: false, browserName: chrome, browserVersion: 96.0.4664.93, chrome: {chromedriverVersion: 96.0.4664.45 (76e4c1bb2ab46..., userDataDir: C:\Users\gauravk\AppData\Lo...}, goog:chromeOptions: {debuggerAddress: localhost:64093}, javascriptEnabled: true, networkConnectionEnabled: false, pageLoadStrategy: normal, platform: WINDOWS, platformName: WINDOWS, proxy: Proxy(), se:cdp: ws://localhost:64093/devtoo..., se:cdpVersion: 96.0.4664.93, setWindowRect: true, strictFileInteractability: false, timeouts: {implicit: 0, pageLoad: 300000, script: 30000}, unhandledPromptBehavior: dismiss and notify, webauthn:extension:credBlob: true, webauthn:extension:largeBlob: true, webauthn:virtualAuthenticators: true}
Element: [[ChromeDriver: chrome on WINDOWS (8ae31c35cba2a2c8c464c6d08cbd7a90)] -> xpath: //input[contains(@id, 'activityForm:j_id')]]
Session ID: 8ae31c35cba2a2c8c464c6d08cbd7a90
at java.base/jdk.internal.reflect.NativeConstructorAccessorImpl.newInstance0(Native Method)
at java.base/jdk.internal.reflect.NativeConstructorAccessorImpl.newInstance(NativeConstructorAccessorImpl.java:64)
at java.base/jdk.internal.reflect.DelegatingConstructorAccessorImpl.newInstance(DelegatingConstructorAccessorImpl.java:45)
at java.base/java.lang.reflect.Constructor.newInstanceWithCaller(Constructor.java:500)
at java.base/java.lang.reflect.Constructor.newInstance(Constructor.java:481)
at org.openqa.selenium.remote.codec.w3c.W3CHttpResponseCodec.createException(W3CHttpResponseCodec.java:200)
at org.openqa.selenium.remote.codec.w3c.W3CHttpResponseCodec.decode(W3CHttpResponseCodec.java:133)
at org.openqa.selenium.remote.codec.w3c.W3CHttpResponseCodec.decode(W3CHttpResponseCodec.java:53)
at org.openqa.selenium.remote.HttpCommandExecutor.execute(HttpCommandExecutor.java:184)
at org.openqa.selenium.remote.service.DriverCommandExecutor.invokeExecute(DriverCommandExecutor.java:164)
at org.openqa.selenium.remote.service.DriverCommandExecutor.execute(DriverCommandExecutor.java:139)
at org.openqa.selenium.remote.RemoteWebDriver.execute(RemoteWebDriver.java:559)
at org.openqa.selenium.remote.RemoteWebElement.execute(RemoteWebElement.java:251)
at org.openqa.selenium.remote.RemoteWebElement.click(RemoteWebElement.java:77)
at pages.NextPage4.Next_Page2(NextPage4.java:164)
at testCases.navigateChapter4.navNextPage2(navigateChapter4.java:79)
at java.base/jdk.internal.reflect.NativeMethodAccessorImpl.invoke0(Native Method)
at java.base/jdk.internal.reflect.NativeMethodAccessorImpl.invoke(NativeMethodAccessorImpl.java:64)
at java.base/jdk.internal.reflect.DelegatingMethodAccessorImpl.invoke(DelegatingMethodAccessorImpl.java:43)
at java.base/java.lang.reflect.Method.invoke(Method.java:564)
at org.testng.internal.MethodInvocationHelper.invokeMethod(MethodInvocationHelper.java:133)
at org.testng.internal.TestInvoker.invokeMethod(TestInvoker.java:598)
at org.testng.internal.TestInvoker.invokeTestMethod(TestInvoker.java:173)
at org.testng.internal.MethodRunner.runInSequence(MethodRunner.java:46)
at org.testng.internal.TestInvoker$MethodInvocationAgent.invoke(TestInvoker.java:824)
at org.testng.internal.TestInvoker.invokeTestMethods(TestInvoker.java:146)
at org.testng.internal.TestMethodWorker.invokeTestMethods(TestMethodWorker.java:146)
at org.testng.internal.TestMethodWorker.run(TestMethodWorker.java:128)
at java.base/java.util.ArrayList.forEach(ArrayList.java:1511)
at org.testng.TestRunner.privateRun(TestRunner.java:794)
at org.testng.TestRunner.run(TestRunner.java:596)
at org.testng.SuiteRunner.runTest(SuiteRunner.java:377)
at org.testng.SuiteRunner.runSequentially(SuiteRunner.java:371)
at org.testng.SuiteRunner.privateRun(SuiteRunner.java:332)
at org.testng.SuiteRunner.run(SuiteRunner.java:276)
at org.testng.SuiteRunnerWorker.runSuite(SuiteRunnerWorker.java:53)
at org.testng.SuiteRunnerWorker.run(SuiteRunnerWorker.java:96)
at org.testng.TestNG.runSuitesSequentially(TestNG.java:1212)
at org.testng.TestNG.runSuitesLocally(TestNG.java:1134)
at org.testng.TestNG.runSuites(TestNG.java:1063)
at org.testng.TestNG.run(TestNG.java:1031)
at org.testng.remote.AbstractRemoteTestNG.run(AbstractRemoteTestNG.java:115)
at org.testng.remote.RemoteTestNG.initAndRun(RemoteTestNG.java:251)
at org.testng.remote.RemoteTestNG.main(RemoteTestNG.java:77)
]]>
    </error>
  </testcase> <!-- navNextPage2 -->
  <system-out>
    <![CDATA[Loop has been started !!!]]>
  </system-out>
</testsuite> <!-- testCases.navigateChapter4 -->
