<?xml version="1.0" encoding="UTF-8"?>
<!-- Generated by org.testng.reporters.JUnitReportReporter -->
<testsuite hostname="Gauravk-PC" failures="0" tests="2" name="testCases.navigateChapter23" time="633.588" errors="1" timestamp="2022-02-10T13:37:00 IST" skipped="0">
  <testcase classname="testCases.navigateChapter23" name="doLogin" time="8.838"/>
  <system-out/>
  <testcase classname="testCases.navigateChapter23" name="navNextPage2" time="624.750">
    <error message="element click intercepted: Element &lt;input id=&quot;activityForm:j_id3866:0:j_id3891&quot; name=&quot;activityForm:j_id3866:0:j_id3891&quot; onclick=&quot;deleteObjectiveAndRefresh(&#039;55000&#039;, &#039;1644480392353&#039;); return false;;A4J.AJAX.Submit(&#039;activityForm&#039;,event,{&#039;similarityGroupingId&#039;:&#039;activityForm:j_id3866:0:j_id3891&#039;,&#039;parameters&#039;:{&#039;activityForm:j_id3866:0:j_id3891&#039;:&#039;activityForm:j_id3866:0:j_id3891&#039;} } );return false;&quot; style=&quot;border: none;&quot; type=&quot;image&quot; src=&quot;/calms_cms/images/trash.gif&quot;&gt; is not clickable at point (1511, 419). Other element would receive the click: &lt;div id=&quot;blurDiv&quot; style=&quot;position: absolute; top: 0px; right: 0px; z-index: 100; width: 1920px; height: 902px; background: url(&amp;quot;/calms_cms/images/transparent.gif&amp;quot;);&quot;&gt;&lt;/div&gt;
  (Session info: chrome=98.0.4758.82)
Build info: version: &#039;4.1.0&#039;, revision: &#039;87802e897b&#039;
System info: host: &#039;GAURAVK-PC&#039;, ip: &#039;192.168.0.2&#039;, os.name: &#039;Windows 10&#039;, os.arch: &#039;amd64&#039;, os.version: &#039;10.0&#039;, java.version: &#039;15.0.2&#039;
Driver info: org.openqa.selenium.chrome.ChromeDriver
Command: [57c68a7e0427c8d289bef9463fbd2755, clickElement {id=3390b314-6649-45a5-af90-bc686db6dabb}]
Capabilities {acceptInsecureCerts: false, browserName: chrome, browserVersion: 98.0.4758.82, chrome: {chromedriverVersion: 98.0.4758.80 (7f0488e8ba0d8..., userDataDir: C:\Users\gauravk\AppData\Lo...}, goog:chromeOptions: {debuggerAddress: localhost:60323}, javascriptEnabled: true, networkConnectionEnabled: false, pageLoadStrategy: normal, platform: WINDOWS, platformName: WINDOWS, proxy: Proxy(), se:cdp: ws://localhost:60323/devtoo..., se:cdpVersion: 98.0.4758.82, setWindowRect: true, strictFileInteractability: false, timeouts: {implicit: 0, pageLoad: 300000, script: 30000}, unhandledPromptBehavior: dismiss and notify, webauthn:extension:credBlob: true, webauthn:extension:largeBlob: true, webauthn:virtualAuthenticators: true}
Element: [[ChromeDriver: chrome on WINDOWS (57c68a7e0427c8d289bef9463fbd2755)] -&gt; xpath: //input[contains(@id, &#039;activityForm:j_id&#039;)]]
Session ID: 57c68a7e0427c8d289bef9463fbd2755" type="org.openqa.selenium.ElementClickInterceptedException">
      <![CDATA[org.openqa.selenium.ElementClickInterceptedException: element click intercepted: Element <input id="activityForm:j_id3866:0:j_id3891" name="activityForm:j_id3866:0:j_id3891" onclick="deleteObjectiveAndRefresh('55000', '1644480392353'); return false;;A4J.AJAX.Submit('activityForm',event,{'similarityGroupingId':'activityForm:j_id3866:0:j_id3891','parameters':{'activityForm:j_id3866:0:j_id3891':'activityForm:j_id3866:0:j_id3891'} } );return false;" style="border: none;" type="image" src="/calms_cms/images/trash.gif"> is not clickable at point (1511, 419). Other element would receive the click: <div id="blurDiv" style="position: absolute; top: 0px; right: 0px; z-index: 100; width: 1920px; height: 902px; background: url(&quot;/calms_cms/images/transparent.gif&quot;);"></div>
  (Session info: chrome=98.0.4758.82)
Build info: version: '4.1.0', revision: '87802e897b'
System info: host: 'GAURAVK-PC', ip: '192.168.0.2', os.name: 'Windows 10', os.arch: 'amd64', os.version: '10.0', java.version: '15.0.2'
Driver info: org.openqa.selenium.chrome.ChromeDriver
Command: [57c68a7e0427c8d289bef9463fbd2755, clickElement {id=3390b314-6649-45a5-af90-bc686db6dabb}]
Capabilities {acceptInsecureCerts: false, browserName: chrome, browserVersion: 98.0.4758.82, chrome: {chromedriverVersion: 98.0.4758.80 (7f0488e8ba0d8..., userDataDir: C:\Users\gauravk\AppData\Lo...}, goog:chromeOptions: {debuggerAddress: localhost:60323}, javascriptEnabled: true, networkConnectionEnabled: false, pageLoadStrategy: normal, platform: WINDOWS, platformName: WINDOWS, proxy: Proxy(), se:cdp: ws://localhost:60323/devtoo..., se:cdpVersion: 98.0.4758.82, setWindowRect: true, strictFileInteractability: false, timeouts: {implicit: 0, pageLoad: 300000, script: 30000}, unhandledPromptBehavior: dismiss and notify, webauthn:extension:credBlob: true, webauthn:extension:largeBlob: true, webauthn:virtualAuthenticators: true}
Element: [[ChromeDriver: chrome on WINDOWS (57c68a7e0427c8d289bef9463fbd2755)] -> xpath: //input[contains(@id, 'activityForm:j_id')]]
Session ID: 57c68a7e0427c8d289bef9463fbd2755
at java.base/jdk.internal.reflect.NativeConstructorAccessorImpl.newInstance0(Native Method)
at java.base/jdk.internal.reflect.NativeConstructorAccessorImpl.newInstance(NativeConstructorAccessorImpl.java:64)
at java.base/jdk.internal.reflect.DelegatingConstructorAccessorImpl.newInstance(DelegatingConstructorAccessorImpl.java:45)
at java.base/java.lang.reflect.Constructor.newInstanceWithCaller(Constructor.java:500)
at java.base/java.lang.reflect.Constructor.newInstance(Constructor.java:481)
at org.openqa.selenium.remote.codec.w3c.W3CHttpResponseCodec.createException(W3CHttpResponseCodec.java:200)
at org.openqa.selenium.remote.codec.w3c.W3CHttpResponseCodec.decode(W3CHttpResponseCodec.java:133)
at org.openqa.selenium.remote.codec.w3c.W3CHttpResponseCodec.decode(W3CHttpResponseCodec.java:53)
at org.openqa.selenium.remote.HttpCommandExecutor.execute(HttpCommandExecutor.java:184)
at org.openqa.selenium.remote.service.DriverCommandExecutor.invokeExecute(DriverCommandExecutor.java:164)
at org.openqa.selenium.remote.service.DriverCommandExecutor.execute(DriverCommandExecutor.java:139)
at org.openqa.selenium.remote.RemoteWebDriver.execute(RemoteWebDriver.java:559)
at org.openqa.selenium.remote.RemoteWebElement.execute(RemoteWebElement.java:251)
at org.openqa.selenium.remote.RemoteWebElement.click(RemoteWebElement.java:77)
at pages.NextPage2.Next_Page2(NextPage2.java:139)
at testCases.navigateChapter23.navNextPage2(navigateChapter23.java:138)
at java.base/jdk.internal.reflect.NativeMethodAccessorImpl.invoke0(Native Method)
at java.base/jdk.internal.reflect.NativeMethodAccessorImpl.invoke(NativeMethodAccessorImpl.java:64)
at java.base/jdk.internal.reflect.DelegatingMethodAccessorImpl.invoke(DelegatingMethodAccessorImpl.java:43)
at java.base/java.lang.reflect.Method.invoke(Method.java:564)
at org.testng.internal.MethodInvocationHelper.invokeMethod(MethodInvocationHelper.java:133)
at org.testng.internal.TestInvoker.invokeMethod(TestInvoker.java:598)
at org.testng.internal.TestInvoker.invokeTestMethod(TestInvoker.java:173)
at org.testng.internal.MethodRunner.runInSequence(MethodRunner.java:46)
at org.testng.internal.TestInvoker$MethodInvocationAgent.invoke(TestInvoker.java:824)
at org.testng.internal.TestInvoker.invokeTestMethods(TestInvoker.java:146)
at org.testng.internal.TestMethodWorker.invokeTestMethods(TestMethodWorker.java:146)
at org.testng.internal.TestMethodWorker.run(TestMethodWorker.java:128)
at java.base/java.util.ArrayList.forEach(ArrayList.java:1511)
at org.testng.TestRunner.privateRun(TestRunner.java:794)
at org.testng.TestRunner.run(TestRunner.java:596)
at org.testng.SuiteRunner.runTest(SuiteRunner.java:377)
at org.testng.SuiteRunner.runSequentially(SuiteRunner.java:371)
at org.testng.SuiteRunner.privateRun(SuiteRunner.java:332)
at org.testng.SuiteRunner.run(SuiteRunner.java:276)
at org.testng.SuiteRunnerWorker.runSuite(SuiteRunnerWorker.java:53)
at org.testng.SuiteRunnerWorker.run(SuiteRunnerWorker.java:96)
at org.testng.TestNG.runSuitesSequentially(TestNG.java:1212)
at org.testng.TestNG.runSuitesLocally(TestNG.java:1134)
at org.testng.TestNG.runSuites(TestNG.java:1063)
at org.testng.TestNG.run(TestNG.java:1031)
at org.testng.remote.AbstractRemoteTestNG.run(AbstractRemoteTestNG.java:115)
at org.testng.remote.RemoteTestNG.initAndRun(RemoteTestNG.java:251)
at org.testng.remote.RemoteTestNG.main(RemoteTestNG.java:77)
]]>
    </error>
  </testcase> <!-- navNextPage2 -->
  <system-out>
    <![CDATA[Loop has been started !!!
Loop has been started !!!
Loop has been started !!!
Loop has been started !!!]]>
  </system-out>
</testsuite> <!-- testCases.navigateChapter23 -->
